"D:/Unreal 4 Projects/SoloProject/Content/CharacterAnims/Archer_Model_Skeleton.uasset" 0
"D:/Unreal 4 Projects/SoloProject/Content/CharacterAnims/Anims/Climbing_Up_Wall.uasset" 1
"D:/Unreal 4 Projects/SoloProject/Content/CharacterAnims/Anims/Crouching.uasset" 2
"D:/Unreal 4 Projects/SoloProject/Content/CharacterAnims/Anims/Crouch_Idle_01.uasset" 3
"D:/Unreal 4 Projects/SoloProject/Content/CharacterAnims/Anims/Crouch_Walk_Forward.uasset" 4
"D:/Unreal 4 Projects/SoloProject/Content/CharacterAnims/Anims/Left_Shimmy.uasset" 5
"D:/Unreal 4 Projects/SoloProject/Content/CharacterAnims/Anims/Right_Shimmy.uasset" 6
"D:/Unreal 4 Projects/SoloProject/Content/CharacterAnims/Anims/Standing_Aim_Recoil.uasset" 7
"D:/Unreal 4 Projects/SoloProject/Content/CharacterAnims/Anims/Standing_Dive_Forward.uasset" 8
"D:/Unreal 4 Projects/SoloProject/Content/CharacterAnims/Anims/Standing_Draw_Arrow.uasset" 9
"D:/Unreal 4 Projects/SoloProject/Content/CustomBlueprints/BP_Crosshair.uasset" 10
"D:/Unreal 4 Projects/SoloProject/Content/CustomBlueprints/BP_GameModeBase.uasset" 11
"D:/Unreal 4 Projects/SoloProject/Content/CustomBlueprints/Menu_Mode.uasset" 12
"D:/Unreal 4 Projects/SoloProject/Content/CharacterAnims/Anims/Freehang_Climb.uasset" 13
"D:/Unreal 4 Projects/SoloProject/Content/CharacterAnims/Anims/Freehang_Climb_Montage.uasset" 14
"D:/Unreal 4 Projects/SoloProject/Content/CharacterAnims/Anims/Hanging_Idle.uasset" 15
"D:/Unreal 4 Projects/SoloProject/Content/CharacterAnims/Anims/Running_Slide.uasset" 16
"D:/Unreal 4 Projects/SoloProject/Content/CharacterAnims/Anims/Standing_Aim_Idle_01.uasset" 17
"D:/Unreal 4 Projects/SoloProject/Content/CharacterAnims/Anims/Standing_Idle_01.uasset" 18
"D:/Unreal 4 Projects/SoloProject/Content/CharacterAnims/Anims/Standing_Jump_Running_To_Run_Forward.uasset" 19
"D:/Unreal 4 Projects/SoloProject/Content/CharacterAnims/Anims/Standing_Run_Back.uasset" 20
"D:/Unreal 4 Projects/SoloProject/Content/CharacterAnims/Anims/Standing_Run_Forward.uasset" 21
"D:/Unreal 4 Projects/SoloProject/Content/CharacterAnims/Anims/Standing_Run_Left.uasset" 22
"D:/Unreal 4 Projects/SoloProject/Content/CharacterAnims/Anims/Standing_Run_Right.uasset" 23
"D:/Unreal 4 Projects/SoloProject/Content/CharacterAnims/Anims/Standing_Sprint_Forward.uasset" 24
"D:/Unreal 4 Projects/SoloProject/Content/CustomBP/Archer_Movement_Blend.uasset" 25
"D:/Unreal 4 Projects/SoloProject/Content/CustomBP/Archer_AnimBP.uasset" 26
"../../../Engine/Content/EditorBlueprintResources/StandardMacros.uasset" 27
"D:/Unreal 4 Projects/SoloProject/Content/CharacterAnims/Archer_Model_PhysicsAsset.uasset" 28
"D:/Unreal 4 Projects/SoloProject/Content/CharacterAnims/Archer_Model.uasset" 29
"D:/Unreal 4 Projects/SoloProject/Content/CustomBP/ArcherCharacter.uasset" 30
"D:/Unreal 4 Projects/SoloProject/Content/CustomBP/CustomGameMode.uasset" 31
"D:/Unreal 4 Projects/SoloProject/Content/Geometry/Meshes/CubeMaterial.uasset" 32
"D:/Unreal 4 Projects/SoloProject/Content/Geometry/Meshes/1M_Cube_Chamfer.uasset" 33
"D:/Unreal 4 Projects/SoloProject/Content/Mannequin/Character/Mesh/UE4_Mannequin_Skeleton.uasset" 34
"D:/Unreal 4 Projects/SoloProject/Content/Mannequin/Animations/ThirdPersonJump_End.uasset" 35
"D:/Unreal 4 Projects/SoloProject/Content/StarterContent/Materials/M_Basic_Wall.uasset" 36
"D:/Unreal 4 Projects/SoloProject/Content/StarterContent/Architecture/Pillar_50x500.uasset" 37
"D:/Unreal 4 Projects/SoloProject/Content/StarterContent/Architecture/Wall_400x300.uasset" 38
"D:/Unreal 4 Projects/SoloProject/Content/StarterContent/Architecture/Wall_400x400.uasset" 39
"D:/Unreal 4 Projects/SoloProject/Content/StarterContent/Architecture/Wall_500x500.uasset" 40
"D:/Unreal 4 Projects/SoloProject/Content/StarterContent/Architecture/Wall_Door_400x400.uasset" 41
"D:/Unreal 4 Projects/SoloProject/Content/StarterContent/Architecture/Wall_Window_400x400.uasset" 42
"D:/Unreal 4 Projects/SoloProject/Content/StarterContent/Audio/Collapse01.uasset" 43
"D:/Unreal 4 Projects/SoloProject/Content/StarterContent/Audio/Collapse02.uasset" 44
"D:/Unreal 4 Projects/SoloProject/Content/StarterContent/Audio/Explosion01.uasset" 45
"D:/Unreal 4 Projects/SoloProject/Content/StarterContent/Audio/Explosion02.uasset" 46
"D:/Unreal 4 Projects/SoloProject/Content/StarterContent/Audio/Fire01.uasset" 47
"D:/Unreal 4 Projects/SoloProject/Content/StarterContent/Audio/Fire_Sparks01.uasset" 48
"D:/Unreal 4 Projects/SoloProject/Content/StarterContent/Audio/Light01.uasset" 49
"D:/Unreal 4 Projects/SoloProject/Content/StarterContent/Audio/Light01_Cue.uasset" 50
"D:/Unreal 4 Projects/SoloProject/Content/StarterContent/Audio/Light02.uasset" 51
"D:/Unreal 4 Projects/SoloProject/Content/StarterContent/Audio/Light02_Cue.uasset" 52
"D:/Unreal 4 Projects/SoloProject/Content/StarterContent/Audio/Smoke01.uasset" 53
"D:/Unreal 4 Projects/SoloProject/Content/StarterContent/Audio/Starter_Birds01.uasset" 54
"D:/Unreal 4 Projects/SoloProject/Content/StarterContent/Audio/Starter_Music01.uasset" 55
"D:/Unreal 4 Projects/SoloProject/Content/StarterContent/Audio/Starter_Wind05.uasset" 56
"D:/Unreal 4 Projects/SoloProject/Content/StarterContent/Audio/Starter_Wind06.uasset" 57
"D:/Unreal 4 Projects/SoloProject/Content/StarterContent/Audio/Steam01.uasset" 58
"D:/Unreal 4 Projects/SoloProject/Content/StarterContent/Audio/Explosion_Cue.uasset" 59
"D:/Unreal 4 Projects/SoloProject/Content/StarterContent/Textures/T_Burst_M.uasset" 60
"D:/Unreal 4 Projects/SoloProject/Content/StarterContent/Particles/Materials/M_Burst.uasset" 61
"D:/Unreal 4 Projects/SoloProject/Content/StarterContent/Textures/T_Explosion_SubUV.uasset" 62
"D:/Unreal 4 Projects/SoloProject/Content/StarterContent/Particles/Materials/M_explosion_subUV.uasset" 63
"D:/Unreal 4 Projects/SoloProject/Content/StarterContent/Particles/Materials/m_flare_01.uasset" 64
"../../../Engine/Content/Functions/Engine_MaterialFunctions01/Gradient/RadialGradient.uasset" 65
"D:/Unreal 4 Projects/SoloProject/Content/StarterContent/Particles/Materials/M_radial_ramp.uasset" 66
"D:/Unreal 4 Projects/SoloProject/Content/StarterContent/Textures/T_Smoke_SubUV.uasset" 67
"D:/Unreal 4 Projects/SoloProject/Content/StarterContent/Textures/T_Smoke_Tiled_D.uasset" 68
"D:/Unreal 4 Projects/SoloProject/Content/StarterContent/Particles/Materials/M_smoke_subUV.uasset" 69
"D:/Unreal 4 Projects/SoloProject/Content/StarterContent/Particles/P_Explosion.uasset" 70
"D:/Unreal 4 Projects/SoloProject/Content/StarterContent/Blueprints/Blueprint_Effect_Explosion.uasset" 71
"../../../Engine/Content/EditorMeshes/ColorCalibrator/T_ColorGrid.uasset" 72
"D:/Unreal 4 Projects/SoloProject/Content/StarterContent/Materials/M_ColorGrid_LowSpec.uasset" 73
"D:/Unreal 4 Projects/SoloProject/Content/StarterContent/Textures/T_Bush_D.uasset" 74
"D:/Unreal 4 Projects/SoloProject/Content/StarterContent/Textures/T_Bush_N.uasset" 75
"D:/Unreal 4 Projects/SoloProject/Content/StarterContent/Props/Materials/M_Bush.uasset" 76
"D:/Unreal 4 Projects/SoloProject/Content/StarterContent/Props/SM_Bush.uasset" 77
"D:/Unreal 4 Projects/SoloProject/Content/StarterContent/Textures/T_Chair_M.uasset" 78
"D:/Unreal 4 Projects/SoloProject/Content/StarterContent/Textures/T_Chair_N.uasset" 79
"D:/Unreal 4 Projects/SoloProject/Content/StarterContent/Props/Materials/M_Chair.uasset" 80
"D:/Unreal 4 Projects/SoloProject/Content/StarterContent/Props/SM_Couch.uasset" 81
"D:/Unreal 4 Projects/SoloProject/Content/StarterContent/Materials/M_Glass.uasset" 82
"D:/Unreal 4 Projects/SoloProject/Content/StarterContent/Textures/T_Door_M.uasset" 83
"D:/Unreal 4 Projects/SoloProject/Content/StarterContent/Textures/T_Door_N.uasset" 84
"D:/Unreal 4 Projects/SoloProject/Content/StarterContent/Props/Materials/M_Door.uasset" 85
"D:/Unreal 4 Projects/SoloProject/Content/StarterContent/Props/SM_Door.uasset" 86
"D:/Unreal 4 Projects/SoloProject/Content/StarterContent/Props/Materials/M_MaterialSphere.uasset" 87
"D:/Unreal 4 Projects/SoloProject/Content/StarterContent/Props/Materials/M_MaterialSphere_Plain.uasset" 88
"D:/Unreal 4 Projects/SoloProject/Content/StarterContent/Props/SM_MatPreviewMesh_02.uasset" 89
"../../../Engine/Content/Functions/Engine_MaterialFunctions02/Utility/BlendAngleCorrectedNormals.uasset" 90
"D:/Unreal 4 Projects/SoloProject/Content/StarterContent/Textures/T_Detail_Rocky_N.uasset" 91
"D:/Unreal 4 Projects/SoloProject/Content/StarterContent/Textures/T_Rock_Basalt_D.uasset" 92
"D:/Unreal 4 Projects/SoloProject/Content/StarterContent/Textures/T_RockMesh_M.uasset" 93
"D:/Unreal 4 Projects/SoloProject/Content/StarterContent/Textures/T_RockMesh_N.uasset" 94
"D:/Unreal 4 Projects/SoloProject/Content/StarterContent/Props/Materials/M_Rock.uasset" 95
"D:/Unreal 4 Projects/SoloProject/Content/StarterContent/Props/SM_Rock.uasset" 96
"D:/Unreal 4 Projects/SoloProject/Content/StarterContent/Textures/T_Shelf_M.uasset" 97
"D:/Unreal 4 Projects/SoloProject/Content/StarterContent/Textures/T_Shelf_N.uasset" 98
"D:/Unreal 4 Projects/SoloProject/Content/StarterContent/Props/Materials/M_Shelf.uasset" 99
"D:/Unreal 4 Projects/SoloProject/Content/StarterContent/Props/SM_Shelf.uasset" 100
"D:/Unreal 4 Projects/SoloProject/Content/StarterContent/Materials/M_Basic_Floor.uasset" 101
"D:/Unreal 4 Projects/SoloProject/Content/StarterContent/Props/SM_Stairs.uasset" 102
"D:/Unreal 4 Projects/SoloProject/Content/StarterContent/Shapes/Shape_Cone.uasset" 103
"D:/Unreal 4 Projects/SoloProject/Content/StarterContent/Shapes/Shape_Cylinder.uasset" 104
"D:/Unreal 4 Projects/SoloProject/Content/StarterContent/Shapes/Shape_NarrowCapsule.uasset" 105
"D:/Unreal 4 Projects/SoloProject/Content/StarterContent/Shapes/Shape_Pipe.uasset" 106
"D:/Unreal 4 Projects/SoloProject/Content/StarterContent/Shapes/Shape_Pipe_180.uasset" 107
"D:/Unreal 4 Projects/SoloProject/Content/StarterContent/Shapes/Shape_Pipe_90.uasset" 108
"D:/Unreal 4 Projects/SoloProject/Content/StarterContent/Shapes/Shape_Plane.uasset" 109
"D:/Unreal 4 Projects/SoloProject/Content/StarterContent/Shapes/Shape_Torus.uasset" 110
"D:/Unreal 4 Projects/SoloProject/Content/StarterContent/Shapes/Shape_Trim.uasset" 111
"D:/Unreal 4 Projects/SoloProject/Content/StarterContent/Shapes/Shape_Trim_90_In.uasset" 112
"D:/Unreal 4 Projects/SoloProject/Content/StarterContent/Shapes/Shape_Trim_90_Out.uasset" 113
"D:/Unreal 4 Projects/SoloProject/Content/StarterContent/Shapes/Shape_TriPyramid.uasset" 114
"D:/Unreal 4 Projects/SoloProject/Content/StarterContent/Shapes/Shape_Tube.uasset" 115
"D:/Unreal 4 Projects/SoloProject/Content/StarterContent/Shapes/Shape_Wedge_A.uasset" 116
"D:/Unreal 4 Projects/SoloProject/Content/StarterContent/Shapes/Shape_Wedge_B.uasset" 117
"D:/Unreal 4 Projects/SoloProject/Content/StarterContent/Shapes/Shape_WideCapsule.uasset" 118
"D:/Unreal 4 Projects/SoloProject/Content/Test_Anims/Ch46_nonPBR_PhysicsAsset.uasset" 119
"D:/Unreal 4 Projects/SoloProject/Content/Test_Anims/Ch46_nonPBR_Skeleton.uasset" 120
"D:/Unreal 4 Projects/SoloProject/Content/Test_Anims/Ch46_nonPBR.uasset" 121
"D:/Unreal 4 Projects/SoloProject/Content/Test_Anims/Braced_Hang_Hop_Left.uasset" 122
"D:/Unreal 4 Projects/SoloProject/Content/Test_Anims/Braced_Hang_Hop_Left_Montage.uasset" 123
"D:/Unreal 4 Projects/SoloProject/Content/Test_Anims/Braced_Hang_Hop_Right.uasset" 124
"D:/Unreal 4 Projects/SoloProject/Content/Test_Anims/Braced_Hang_Hop_Right_Montage.uasset" 125
"D:/Unreal 4 Projects/SoloProject/Content/Test_Anims/Braced_Hang_To_Crouch.uasset" 126
"D:/Unreal 4 Projects/SoloProject/Content/Test_Anims/Braced_Hang_To_Crouch_Montage.uasset" 127
"D:/Unreal 4 Projects/SoloProject/Content/Test_Anims/Braced_Hang_Left_Shimmy.uasset" 128
"D:/Unreal 4 Projects/SoloProject/Content/Test_Anims/Braced_Hang_Right_Shimmy.uasset" 129
"D:/Unreal 4 Projects/SoloProject/Content/Test_Anims/Falling_To_Landing.uasset" 130
"D:/Unreal 4 Projects/SoloProject/Content/Test_Anims/Hanging_Idle.uasset" 131
"D:/Unreal 4 Projects/SoloProject/Content/Test_Anims/Jump.uasset" 132
"D:/Unreal 4 Projects/SoloProject/Content/Test_Anims/Idle.uasset" 133
"D:/Unreal 4 Projects/SoloProject/Content/Test_Anims/Running.uasset" 134
"D:/Unreal 4 Projects/SoloProject/Content/Test_Anims/Walk.uasset" 135
"D:/Unreal 4 Projects/SoloProject/Content/Test_Anims/Land_ToRun_BS.uasset" 136
"D:/Unreal 4 Projects/SoloProject/Content/Test_Anims/Pushing.uasset" 137
"D:/Unreal 4 Projects/SoloProject/Content/Test_Anims/Pushing_Idle.uasset" 138
"D:/Unreal 4 Projects/SoloProject/Content/Test_Anims/Pushing_BS.uasset" 139
"D:/Unreal 4 Projects/SoloProject/Content/Test_Anims/Test_Char_BS.uasset" 140
"D:/Unreal 4 Projects/SoloProject/Content/CustomBlueprints/NewInterface.uasset" 141
"D:/Unreal 4 Projects/SoloProject/Content/VoxelAssets/Character/VoxChar_Skeleton.uasset" 142
"D:/Unreal 4 Projects/SoloProject/Content/Vox_Anims/Braced_Hang_Hop_Left.uasset" 143
"D:/Unreal 4 Projects/SoloProject/Content/Vox_Anims/Braced_Hang_Hop_Left_Montage.uasset" 144
"D:/Unreal 4 Projects/SoloProject/Content/Vox_Anims/Braced_Hang_Hop_Right.uasset" 145
"D:/Unreal 4 Projects/SoloProject/Content/Vox_Anims/Braced_Hang_Hop_Right_Montage.uasset" 146
"D:/Unreal 4 Projects/SoloProject/Content/Vox_Anims/Braced_Hang_To_Crouch.uasset" 147
"D:/Unreal 4 Projects/SoloProject/Content/Vox_Anims/Braced_Hang_To_Crouch_Montage.uasset" 148
"D:/Unreal 4 Projects/SoloProject/Content/Vox_Anims/Braced_Hang_Shimmy_Left.uasset" 149
"D:/Unreal 4 Projects/SoloProject/Content/Vox_Anims/Braced_Hang_Shimmy_Right.uasset" 150
"D:/Unreal 4 Projects/SoloProject/Content/Vox_Anims/Hanging_Idle.uasset" 151
"D:/Unreal 4 Projects/SoloProject/Content/Vox_Anims/Jump.uasset" 152
"D:/Unreal 4 Projects/SoloProject/Content/Vox_Anims/Drawing_Sword.uasset" 153
"D:/Unreal 4 Projects/SoloProject/Content/Vox_Anims/Drawing_Sword_Montage.uasset" 154
"D:/Unreal 4 Projects/SoloProject/Content/Vox_Anims/Sheathing_Sword.uasset" 155
"D:/Unreal 4 Projects/SoloProject/Content/Vox_Anims/Sheathing_Sword_Montage.uasset" 156
"D:/Unreal 4 Projects/SoloProject/Content/Vox_Anims/Sword_Attack_1.uasset" 157
"D:/Unreal 4 Projects/SoloProject/Content/Vox_Anims/Sword_Attack_1_Montage.uasset" 158
"D:/Unreal 4 Projects/SoloProject/Content/Vox_Anims/Sword_Attack_2.uasset" 159
"D:/Unreal 4 Projects/SoloProject/Content/Vox_Anims/Sword_Attack_2_Montage.uasset" 160
"D:/Unreal 4 Projects/SoloProject/Content/Vox_Anims/Sword_Attack_3.uasset" 161
"D:/Unreal 4 Projects/SoloProject/Content/Vox_Anims/Sword_Attack_3_Montage.uasset" 162
"D:/Unreal 4 Projects/SoloProject/Content/CustomBlueprints/DamageInterface.uasset" 163
"D:/Unreal 4 Projects/SoloProject/Content/Mannequin/Animations/ThirdPerson_Jump.uasset" 164
"D:/Unreal 4 Projects/SoloProject/Content/Mannequin/Animations/ThirdPersonJump_Loop.uasset" 165
"D:/Unreal 4 Projects/SoloProject/Content/Mannequin/Animations/ThirdPersonJump_Start.uasset" 166
"D:/Unreal 4 Projects/SoloProject/Content/Mannequin/Animations/ThirdPersonIdle.uasset" 167
"D:/Unreal 4 Projects/SoloProject/Content/Mannequin/Animations/ThirdPersonRun.uasset" 168
"D:/Unreal 4 Projects/SoloProject/Content/Mannequin/Animations/ThirdPersonWalk.uasset" 169
"D:/Unreal 4 Projects/SoloProject/Content/Mannequin/Animations/ThirdPerson_IdleRun_2D.uasset" 170
"D:/Unreal 4 Projects/SoloProject/Content/Mannequin/Animations/ThirdPerson_AnimBP.uasset" 171
"D:/Unreal 4 Projects/SoloProject/Content/Vox_Bps/NPC_BB.uasset" 172
"D:/Unreal 4 Projects/SoloProject/Content/Vox_Bps/ChangeNpcSpeed.uasset" 173
"D:/Unreal 4 Projects/SoloProject/Content/Vox_Bps/ChasePlayer.uasset" 174
"D:/Unreal 4 Projects/SoloProject/Content/Vox_Bps/FindPlayerLocation.uasset" 175
"D:/Unreal 4 Projects/SoloProject/Content/Vox_Bps/FindRandomLocation.uasset" 176
"D:/Unreal 4 Projects/SoloProject/Content/Vox_Bps/NPC_BT.uasset" 177
"D:/Unreal 4 Projects/SoloProject/Content/Vox_Bps/NPC_AI.uasset" 178
"D:/Unreal 4 Projects/SoloProject/Content/CustomBlueprints/EnemyHealth.uasset" 179
"../../../Engine/Content/Functions/MaterialLayerFunctions/MatLayerBlend_NormalBlend.uasset" 180
"../../../Engine/Content/Functions/MaterialLayerFunctions/MatLayerBlend_Simple.uasset" 181
"D:/Unreal 4 Projects/SoloProject/Content/Mannequin/Character/Materials/MaterialLayers/T_ML_Rubber_Blue_01_D.uasset" 182
"D:/Unreal 4 Projects/SoloProject/Content/Mannequin/Character/Materials/MaterialLayers/T_ML_Rubber_Blue_01_N.uasset" 183
"D:/Unreal 4 Projects/SoloProject/Content/Mannequin/Character/Materials/MaterialLayers/ML_GlossyBlack_Latex_UE4.uasset" 184
"D:/Unreal 4 Projects/SoloProject/Content/Mannequin/Character/Materials/MaterialLayers/ML_Plastic_Shiny_Beige.uasset" 185
"D:/Unreal 4 Projects/SoloProject/Content/Mannequin/Character/Textures/UE4_LOGO_CARD.uasset" 186
"D:/Unreal 4 Projects/SoloProject/Content/Mannequin/Character/Materials/MaterialLayers/ML_Plastic_Shiny_Beige_LOGO.uasset" 187
"D:/Unreal 4 Projects/SoloProject/Content/Mannequin/Character/Materials/MaterialLayers/T_ML_Aluminum01.uasset" 188
"D:/Unreal 4 Projects/SoloProject/Content/Mannequin/Character/Materials/MaterialLayers/T_ML_Aluminum01_N.uasset" 189
"D:/Unreal 4 Projects/SoloProject/Content/Mannequin/Character/Materials/MaterialLayers/ML_SoftMetal_UE4.uasset" 190
"D:/Unreal 4 Projects/SoloProject/Content/Mannequin/Character/Textures/UE4_Mannequin__normals.uasset" 191
"D:/Unreal 4 Projects/SoloProject/Content/Mannequin/Character/Textures/UE4_Mannequin_MAT_MASKA.uasset" 192
"D:/Unreal 4 Projects/SoloProject/Content/Mannequin/Character/Materials/M_UE4Man_Body.uasset" 193
"D:/Unreal 4 Projects/SoloProject/Content/Mannequin/Character/Textures/UE4Man_Logo_N.uasset" 194
"D:/Unreal 4 Projects/SoloProject/Content/Mannequin/Character/Materials/M_UE4Man_ChestLogo.uasset" 195
"D:/Unreal 4 Projects/SoloProject/Content/Mannequin/Character/Mesh/SK_Mannequin_PhysicsAsset.uasset" 196
"D:/Unreal 4 Projects/SoloProject/Content/Mannequin/Character/Mesh/SK_Mannequin.uasset" 197
"D:/Unreal 4 Projects/SoloProject/Content/CustomBlueprints/MasterEnemy.uasset" 198
"../../../Engine/Content/BasicShapes/BasicShapeMaterial.uasset" 199
"../../../Engine/Content/Functions/Engine_MaterialFunctions01/Opacity/CameraDepthFade.uasset" 200
"../../../Engine/Content/EngineMaterials/T_Default_Material_Grid_M.uasset" 201
"../../../Engine/Content/EngineMaterials/T_Default_Material_Grid_N.uasset" 202
"../../../Engine/Content/EngineMaterials/WorldGridMaterial.uasset" 203
"../../../Engine/Content/BasicShapes/Cube.uasset" 204
"D:/Unreal 4 Projects/SoloProject/Content/VoxelAssets/Other/Chunk_11x10x7Mat.uasset" 205
"D:/Unreal 4 Projects/SoloProject/Content/VoxelAssets/Other/BasicSword_Chunk_11x10x7.uasset" 206
"D:/Unreal 4 Projects/SoloProject/Content/VoxelAssets/Other/Chunk_11x10x8Mat.uasset" 207
"D:/Unreal 4 Projects/SoloProject/Content/VoxelAssets/Other/BasicSword_Chunk_11x10x8.uasset" 208
"D:/Unreal 4 Projects/SoloProject/Content/VoxelAssets/Other/Chunk_11x11x7Mat.uasset" 209
"D:/Unreal 4 Projects/SoloProject/Content/VoxelAssets/Other/BasicSword_Chunk_11x11x7.uasset" 210
"D:/Unreal 4 Projects/SoloProject/Content/VoxelAssets/Other/Chunk_11x11x8Mat.uasset" 211
"D:/Unreal 4 Projects/SoloProject/Content/VoxelAssets/Other/BasicSword_Chunk_11x11x8.uasset" 212
"D:/Unreal 4 Projects/SoloProject/Content/VoxelAssets/Other/Chunk_11x12x7Mat.uasset" 213
"D:/Unreal 4 Projects/SoloProject/Content/VoxelAssets/Other/BasicSword_Chunk_11x12x7.uasset" 214
"D:/Unreal 4 Projects/SoloProject/Content/VoxelAssets/Other/Chunk_11x12x8Mat.uasset" 215
"D:/Unreal 4 Projects/SoloProject/Content/VoxelAssets/Other/BasicSword_Chunk_11x12x8.uasset" 216
"D:/Unreal 4 Projects/SoloProject/Content/VoxelAssets/Other/Chunk_11x13x7Mat.uasset" 217
"D:/Unreal 4 Projects/SoloProject/Content/VoxelAssets/Other/BasicSword_Chunk_11x13x7.uasset" 218
"D:/Unreal 4 Projects/SoloProject/Content/VoxelAssets/Other/Chunk_11x13x8Mat.uasset" 219
"D:/Unreal 4 Projects/SoloProject/Content/VoxelAssets/Other/BasicSword_Chunk_11x13x8.uasset" 220
"D:/Unreal 4 Projects/SoloProject/Content/VoxelAssets/Other/Chunk_11x14x7Mat.uasset" 221
"D:/Unreal 4 Projects/SoloProject/Content/VoxelAssets/Other/BasicSword_Chunk_11x14x7.uasset" 222
"D:/Unreal 4 Projects/SoloProject/Content/VoxelAssets/Other/Chunk_11x14x8Mat.uasset" 223
"D:/Unreal 4 Projects/SoloProject/Content/VoxelAssets/Other/BasicSword_Chunk_11x14x8.uasset" 224
"D:/Unreal 4 Projects/SoloProject/Content/VoxelAssets/Other/Chunk_11x8x7Mat.uasset" 225
"D:/Unreal 4 Projects/SoloProject/Content/VoxelAssets/Other/BasicSword_Chunk_11x8x7.uasset" 226
"D:/Unreal 4 Projects/SoloProject/Content/VoxelAssets/Other/Chunk_11x8x8Mat.uasset" 227
"D:/Unreal 4 Projects/SoloProject/Content/VoxelAssets/Other/BasicSword_Chunk_11x8x8.uasset" 228
"D:/Unreal 4 Projects/SoloProject/Content/VoxelAssets/Other/Chunk_11x9x7Mat.uasset" 229
"D:/Unreal 4 Projects/SoloProject/Content/VoxelAssets/Other/BasicSword_Chunk_11x9x7.uasset" 230
"D:/Unreal 4 Projects/SoloProject/Content/VoxelAssets/Other/Chunk_11x9x8Mat.uasset" 231
"D:/Unreal 4 Projects/SoloProject/Content/VoxelAssets/Other/BasicSword_Chunk_11x9x8.uasset" 232
"D:/Unreal 4 Projects/SoloProject/Content/VoxelAssets/Other/Chunk_12x10x7Mat.uasset" 233
"D:/Unreal 4 Projects/SoloProject/Content/VoxelAssets/Other/BasicSword_Chunk_12x10x7.uasset" 234
"D:/Unreal 4 Projects/SoloProject/Content/VoxelAssets/Other/Chunk_12x10x8Mat.uasset" 235
"D:/Unreal 4 Projects/SoloProject/Content/VoxelAssets/Other/BasicSword_Chunk_12x10x8.uasset" 236
"D:/Unreal 4 Projects/SoloProject/Content/VoxelAssets/Other/Chunk_12x11x7Mat.uasset" 237
"D:/Unreal 4 Projects/SoloProject/Content/VoxelAssets/Other/BasicSword_Chunk_12x11x7.uasset" 238
"D:/Unreal 4 Projects/SoloProject/Content/VoxelAssets/Other/Chunk_12x11x8Mat.uasset" 239
"D:/Unreal 4 Projects/SoloProject/Content/VoxelAssets/Other/BasicSword_Chunk_12x11x8.uasset" 240
"D:/Unreal 4 Projects/SoloProject/Content/VoxelAssets/Other/Chunk_12x12x7Mat.uasset" 241
"D:/Unreal 4 Projects/SoloProject/Content/VoxelAssets/Other/BasicSword_Chunk_12x12x7.uasset" 242
"D:/Unreal 4 Projects/SoloProject/Content/VoxelAssets/Other/Chunk_12x12x8Mat.uasset" 243
"D:/Unreal 4 Projects/SoloProject/Content/VoxelAssets/Other/BasicSword_Chunk_12x12x8.uasset" 244
"D:/Unreal 4 Projects/SoloProject/Content/VoxelAssets/Other/Chunk_12x13x7Mat.uasset" 245
"D:/Unreal 4 Projects/SoloProject/Content/VoxelAssets/Other/BasicSword_Chunk_12x13x7.uasset" 246
"D:/Unreal 4 Projects/SoloProject/Content/VoxelAssets/Other/Chunk_12x13x8Mat.uasset" 247
"D:/Unreal 4 Projects/SoloProject/Content/VoxelAssets/Other/BasicSword_Chunk_12x13x8.uasset" 248
"D:/Unreal 4 Projects/SoloProject/Content/VoxelAssets/Other/Chunk_12x14x7Mat.uasset" 249
"D:/Unreal 4 Projects/SoloProject/Content/VoxelAssets/Other/BasicSword_Chunk_12x14x7.uasset" 250
"D:/Unreal 4 Projects/SoloProject/Content/VoxelAssets/Other/Chunk_12x14x8Mat.uasset" 251
"D:/Unreal 4 Projects/SoloProject/Content/VoxelAssets/Other/BasicSword_Chunk_12x14x8.uasset" 252
"D:/Unreal 4 Projects/SoloProject/Content/VoxelAssets/Other/Chunk_12x8x7Mat.uasset" 253
"D:/Unreal 4 Projects/SoloProject/Content/VoxelAssets/Other/BasicSword_Chunk_12x8x7.uasset" 254
"D:/Unreal 4 Projects/SoloProject/Content/VoxelAssets/Other/Chunk_12x8x8Mat.uasset" 255
"D:/Unreal 4 Projects/SoloProject/Content/VoxelAssets/Other/BasicSword_Chunk_12x8x8.uasset" 256
"D:/Unreal 4 Projects/SoloProject/Content/VoxelAssets/Other/Chunk_12x9x7Mat.uasset" 257
"D:/Unreal 4 Projects/SoloProject/Content/VoxelAssets/Other/BasicSword_Chunk_12x9x7.uasset" 258
"D:/Unreal 4 Projects/SoloProject/Content/VoxelAssets/Other/Chunk_12x9x8Mat.uasset" 259
"D:/Unreal 4 Projects/SoloProject/Content/VoxelAssets/Other/BasicSword_Chunk_12x9x8.uasset" 260
"D:/Unreal 4 Projects/SoloProject/Content/VoxelAssets/Other/BasicSword.uasset" 261
"D:/Unreal 4 Projects/SoloProject/Content/Vox_Anims/Idle.uasset" 262
"D:/Unreal 4 Projects/SoloProject/Content/Vox_Anims/Sword_And_Shield_Idle.uasset" 263
"D:/Unreal 4 Projects/SoloProject/Content/Vox_Anims/Sword_And_Shield_Strafe_Left.uasset" 264
"D:/Unreal 4 Projects/SoloProject/Content/Vox_Anims/Sword_And_Shield_Strafe_Right.uasset" 265
"D:/Unreal 4 Projects/SoloProject/Content/Vox_Anims/Sword_And_Shield_Walk_Backward.uasset" 266
"D:/Unreal 4 Projects/SoloProject/Content/Vox_Anims/Sword_And_Shield_Walk_Forward.uasset" 267
"D:/Unreal 4 Projects/SoloProject/Content/Vox_Anims/BS_Combat.uasset" 268
"D:/Unreal 4 Projects/SoloProject/Content/Vox_Anims/Running.uasset" 269
"D:/Unreal 4 Projects/SoloProject/Content/Vox_Anims/Standing_Sprint_Forward.uasset" 270
"D:/Unreal 4 Projects/SoloProject/Content/Vox_Anims/Walking.uasset" 271
"D:/Unreal 4 Projects/SoloProject/Content/Vox_Anims/Idle_Walk_Run.uasset" 272
"D:/Unreal 4 Projects/SoloProject/Content/Vox_Anims/VoxChar_Anim_BP.uasset" 273
"D:/Unreal 4 Projects/SoloProject/Content/Test_Anims/Taking_Item.uasset" 274
"D:/Unreal 4 Projects/SoloProject/Content/Test_Anims/Taking_Item_Montage.uasset" 275
"D:/Unreal 4 Projects/SoloProject/Content/CustomBlueprints/BlockCamShake.uasset" 276
"D:/Unreal 4 Projects/SoloProject/Content/CustomBlueprints/Interact_I.uasset" 277
"D:/Unreal 4 Projects/SoloProject/Content/CustomBlueprints/Pushing_Block_BP.uasset" 278
"D:/Unreal 4 Projects/SoloProject/Content/Vox_Bps/HealthAndStamina.uasset" 279
"D:/Unreal 4 Projects/SoloProject/Content/Vox_Bps/DialogueWidget.uasset" 280
"D:/Unreal 4 Projects/SoloProject/Content/Vox_Bps/RuleOfThirds.uasset" 281
"D:/Unreal 4 Projects/SoloProject/Content/VoxelAssets/Character/Default-Avatar_0__Non-Unified_-6.uasset" 282
"D:/Unreal 4 Projects/SoloProject/Content/VoxelAssets/Character/lambert2.uasset" 283
"D:/Unreal 4 Projects/SoloProject/Content/VoxelAssets/Character/palette2.uasset" 284
"D:/Unreal 4 Projects/SoloProject/Content/VoxelAssets/Character/pasted__lambert2.uasset" 285
"D:/Unreal 4 Projects/SoloProject/Content/VoxelAssets/Character/VoxChar_PhysicsAsset.uasset" 286
"D:/Unreal 4 Projects/SoloProject/Content/VoxelAssets/Character/VoxChar_SM.uasset" 287
"D:/Unreal 4 Projects/SoloProject/Content/CustomBlueprints/Test3rdPersonController.uasset" 288
"D:/Unreal 4 Projects/SoloProject/Content/Test_Anims/Test_Character_Anim_BP.uasset" 289
"D:/Unreal 4 Projects/SoloProject/Content/ThirdPerson/Meshes/RampMaterial.uasset" 290
"D:/Unreal 4 Projects/SoloProject/Content/ThirdPerson/Meshes/Bump_StaticMesh.uasset" 291
"D:/Unreal 4 Projects/SoloProject/Content/ThirdPerson/Meshes/Linear_Stair_StaticMesh.uasset" 292
"D:/Unreal 4 Projects/SoloProject/Content/ThirdPerson/Meshes/Ramp_StaticMesh.uasset" 293
"D:/Unreal 4 Projects/SoloProject/Content/ThirdPerson/Meshes/RightArm_StaticMesh.uasset" 294
"D:/Unreal 4 Projects/SoloProject/Content/ThirdPersonBP/ThirdPersonOverview.uasset" 295
"D:/Unreal 4 Projects/SoloProject/Content/ThirdPersonBP/Blueprints/ThirdPersonCharacter.uasset" 296
"D:/Unreal 4 Projects/SoloProject/Content/ThirdPersonBP/Blueprints/ThirdPersonGameMode.uasset" 297
"D:/Unreal 4 Projects/SoloProject/Content/VoxelAssets/Foliage/Boat_sketch_mat.uasset" 298
"D:/Unreal 4 Projects/SoloProject/Content/VoxelAssets/Foliage/Crate_Texture.uasset" 299
"D:/Unreal 4 Projects/SoloProject/Content/VoxelAssets/Foliage/grasstxt.uasset" 300
"D:/Unreal 4 Projects/SoloProject/Content/VoxelAssets/Foliage/lambert1.uasset" 301
"D:/Unreal 4 Projects/SoloProject/Content/VoxelAssets/Foliage/lambert3.uasset" 302
"D:/Unreal 4 Projects/SoloProject/Content/VoxelAssets/Foliage/Material.uasset" 303
"D:/Unreal 4 Projects/SoloProject/Content/VoxelAssets/Foliage/Outside_of_Crate_Texture.uasset" 304
"D:/Unreal 4 Projects/SoloProject/Content/VoxelAssets/Foliage/pCylinder1Mat.uasset" 305
"D:/Unreal 4 Projects/SoloProject/Content/VoxelAssets/Foliage/Materials/Barrel.uasset" 306
"D:/Unreal 4 Projects/SoloProject/Content/VoxelAssets/Foliage/Materials/Grass.uasset" 307
"D:/Unreal 4 Projects/SoloProject/Content/VoxelAssets/Foliage/PlamTreeUv.uasset" 308
"D:/Unreal 4 Projects/SoloProject/Content/VoxelAssets/Foliage/Sail_main_sketch.uasset" 309
"D:/Unreal 4 Projects/SoloProject/Content/VoxelAssets/Foliage/tropical_plant.uasset" 310
"D:/Unreal 4 Projects/SoloProject/Content/VoxelAssets/Foliage/Materials/BarnBlue.uasset" 311
"D:/Unreal 4 Projects/SoloProject/Content/Vox_Anims/Male_Sitting_Pose.uasset" 312
"D:/Unreal 4 Projects/SoloProject/Content/Vox_Anims/Sprinting_Forward_Roll.uasset" 313
"D:/Unreal 4 Projects/SoloProject/Content/Vox_Anims/Standing_Run_Back.uasset" 314
"D:/Unreal 4 Projects/SoloProject/Content/Vox_Anims/Standing_Run_Forward.uasset" 315
"D:/Unreal 4 Projects/SoloProject/Content/Vox_Anims/Standing_Run_Left.uasset" 316
"D:/Unreal 4 Projects/SoloProject/Content/Vox_Anims/Standing_Run_Right.uasset" 317
"../../../Engine/Content/Animation/DefaultAnimCurveCompressionSettings.uasset" 318
"../../../Engine/Content/ArtTools/RenderToTexture/Meshes/S_1_Unit_Plane.uasset" 319
"../../../Engine/Content/EditorMaterials/GizmoMaterial.uasset" 320
"../../../Engine/Content/EditorMaterials/MAT_Groups_Toggle.uasset" 321
"../../../Engine/Content/EditorMaterials/MAT_Groups_Visibility.uasset" 322
"../../../Engine/Content/EditorMaterials/PreviewShadowIndicator.uasset" 323
"../../../Engine/Content/EditorMaterials/PreviewShadowIndicatorMaterial.uasset" 324
"../../../Engine/Content/EditorMaterials/MatineeGroups/MAT_ColorTrack.uasset" 325
"../../../Engine/Content/EditorMaterials/MatineeGroups/MAT_Groups_Anim.uasset" 326
"../../../Engine/Content/EditorMaterials/MatineeGroups/MAT_Groups_AudioMaster.uasset" 327
"../../../Engine/Content/EditorMaterials/MatineeGroups/MAT_Groups_Director.uasset" 328
"../../../Engine/Content/EditorMaterials/MatineeGroups/MAT_Groups_Event.uasset" 329
"../../../Engine/Content/EditorMaterials/MatineeGroups/MAT_Groups_Fade.uasset" 330
"../../../Engine/Content/EditorMaterials/MatineeGroups/MAT_Groups_Float.uasset" 331
"../../../Engine/Content/EditorMaterials/MatineeGroups/MAT_Groups_Move.uasset" 332
"../../../Engine/Content/EditorMaterials/MatineeGroups/MAT_Groups_Slomo.uasset" 333
"../../../Engine/Content/EditorMaterials/MatineeGroups/MAT_Groups_Sound.uasset" 334
"../../../Engine/Content/EditorMaterials/MatineeGroups/MAT_Groups_Vector.uasset" 335
"../../../Engine/Content/EditorMaterials/ParticleSystems/PSysThumbnail_NoImage.uasset" 336
"../../../Engine/Content/EditorMaterials/ParticleSystems/PSysThumbnail_OOD.uasset" 337
"../../../Engine/Content/EditorMaterials/Camera/CineMat.uasset" 338
"../../../Engine/Content/EditorMaterials/Camera/MI_CineMat_Rig.uasset" 339
"../../../Engine/Content/EditorMeshes/Camera/SM_CraneRig_Arm.uasset" 340
"../../../Engine/Content/EditorMeshes/Camera/SM_CraneRig_Base.uasset" 341
"../../../Engine/Content/EditorMeshes/Camera/SM_CraneRig_Body.uasset" 342
"../../../Engine/Content/EditorMeshes/Camera/SM_CraneRig_Mount.uasset" 343
"../../../Engine/Content/EditorMeshes/Camera/SM_RailRig_Mount.uasset" 344
"../../../Engine/Content/EditorMeshes/Camera/SM_RailRig_Track.uasset" 345
"../../../Engine/Content/EditorResources/BSPVertex.uasset" 346
"../../../Engine/Content/EditorResources/EmptyActor.uasset" 347
"../../../Engine/Content/EditorResources/S_Actor.uasset" 348
"../../../Engine/Content/EditorResources/S_Note.uasset" 349
"../../../Engine/Content/EditorResources/S_Trigger.uasset" 350
"../../../Engine/Content/EditorResources/AudioIcons/S_AudioComponent.uasset" 351
"../../../Engine/Content/EditorResources/AudioIcons/S_AudioComponent_AutoActivate.uasset" 352
"../../../Engine/Content/EditorResources/LightIcons/S_LightError.uasset" 353
"../../../Engine/Content/EditorResources/SequenceRecorder/Countdown.uasset" 354
"../../../Engine/Content/EditorResources/SequenceRecorder/RecordingIndicator.uasset" 355
"../../../Engine/Content/EditorSounds/Notifications/CompileFailed.uasset" 356
"../../../Engine/Content/EditorSounds/Notifications/CompileFailed_Cue.uasset" 357
"../../../Engine/Content/EditorSounds/Notifications/CompileSuccess.uasset" 358
"../../../Engine/Content/EditorSounds/Notifications/CompileStart_Cue.uasset" 359
"../../../Engine/Content/EditorSounds/Notifications/CompileSuccess_Cue.uasset" 360
"../../../Engine/Content/EngineDamageTypes/DmgTypeBP_Environmental.uasset" 361
"../../../Engine/Content/EngineDebugMaterials/HeatmapGradient.uasset" 362
"../../../Engine/Content/EngineDebugMaterials/BoneWeightMaterial.uasset" 363
"../../../Engine/Content/EngineDebugMaterials/ClothMaterial.uasset" 364
"../../../Engine/Content/EngineDebugMaterials/ClothMaterial_WF.uasset" 365
"../../../Engine/Content/EngineDebugMaterials/DebugEditorMaterial.uasset" 366
"../../../Engine/Content/EngineDebugMaterials/DebugMeshMaterial.uasset" 367
"../../../Engine/Content/EngineDebugMaterials/GeomMaterial.uasset" 368
"../../../Engine/Content/EngineDebugMaterials/M_SimpleTranslucent.uasset" 369
"../../../Engine/Content/EngineFonts/Faces/RobotoBold.uasset" 370
"../../../Engine/Content/EngineFonts/Faces/RobotoBoldItalic.uasset" 371
"../../../Engine/Content/EngineFonts/Faces/RobotoItalic.uasset" 372
"../../../Engine/Content/EngineFonts/Faces/RobotoLight.uasset" 373
"../../../Engine/Content/EngineFonts/Faces/RobotoRegular.uasset" 374
"../../../Engine/Content/EngineFonts/Roboto.uasset" 375
"../../../Engine/Content/EngineFonts/Faces/RobotoTiny.uasset" 376
"../../../Engine/Content/EngineFonts/RobotoTiny.uasset" 377
"../../../Engine/Content/EngineMaterials/BaseFlattenDiffuseMap.uasset" 378
"../../../Engine/Content/EngineMaterials/BaseFlattenEmissiveMap.uasset" 379
"../../../Engine/Content/EngineMaterials/BaseFlattenGrayscaleMap.uasset" 380
"../../../Engine/Content/EngineMaterials/BaseFlattenNormalMap.uasset" 381
"../../../Engine/Content/EngineMaterials/BaseFlattenMaterial.uasset" 382
"../../../Engine/Content/EngineMaterials/DefaultBloomKernel.uasset" 383
"../../../Engine/Content/EngineMaterials/DefaultBokeh.uasset" 384
"../../../Engine/Content/EngineMaterials/DefaultDiffuse.uasset" 385
"../../../Engine/Content/EngineMaterials/DefaultDeferredDecalMaterial.uasset" 386
"../../../Engine/Content/EngineMaterials/DefaultLightFunctionMaterial.uasset" 387
"../../../Engine/Content/Functions/Engine_MaterialFunctions02/Utility/BreakOutFloat2Components.uasset" 388
"../../../Engine/Content/EngineMaterials/DefaultPostProcessMaterial.uasset" 389
"../../../Engine/Content/EngineFonts/RobotoDistanceField.uasset" 390
"../../../Engine/Content/EngineMaterials/DefaultTextMaterialOpaque.uasset" 391
"../../../Engine/Content/EngineMaterials/DefaultWhiteGrid.uasset" 392
"../../../Engine/Content/EngineMaterials/EditorBrushMaterial.uasset" 393
"../../../Engine/Content/EngineMaterials/Good64x64TilingNoiseHighFreq.uasset" 394
"../../../Engine/Content/EngineMaterials/MiniFont.uasset" 395
"../../../Engine/Content/EngineMaterials/InvalidLightmapSettings.uasset" 396
"../../../Engine/Content/EngineMaterials/M_InvalidLightmapSettings.uasset" 397
"../../../Engine/Content/Functions/Engine_MaterialFunctions02/WorldPositionOffset/CameraOffset.uasset" 398
"../../../Engine/Content/EngineMaterials/PhAT_JointLimitMaterial.uasset" 399
"../../../Engine/Content/EngineMaterials/PreintegratedSkinBRDF.uasset" 400
"../../../Engine/Content/EngineMaterials/RemoveSurfaceMaterial.uasset" 401
"../../../Engine/Content/EngineMaterials/WeightMapPlaceholderTexture.uasset" 402
"../../../Engine/Content/EngineResources/WhiteSquareTexture.uasset" 403
"../../../Engine/Content/EngineMaterials/Widget3DPassThrough.uasset" 404
"../../../Engine/Content/EngineMaterials/Widget3DPassThrough_Masked.uasset" 405
"../../../Engine/Content/EngineMaterials/Widget3DPassThrough_Opaque.uasset" 406
"../../../Engine/Content/EngineMaterials/Widget3DPassThrough_Masked_OneSided.uasset" 407
"../../../Engine/Content/EngineMaterials/Widget3DPassThrough_Opaque_OneSided.uasset" 408
"../../../Engine/Content/EngineMaterials/Widget3DPassThrough_Translucent.uasset" 409
"../../../Engine/Content/EngineMaterials/Widget3DPassThrough_Translucent_OneSided.uasset" 410
"../../../Engine/Content/EngineMaterials/DefaultMaterial.uasset" 411
"../../../Engine/Content/EngineMeshes/Cylinder.uasset" 412
"../../../Engine/Content/EngineMeshes/Sphere.uasset" 413
"../../../Engine/Content/EngineResources/Black.uasset" 414
"../../../Engine/Content/EngineResources/DefaultTexture.uasset" 415
"../../../Engine/Content/EngineResources/DefaultTextureCube.uasset" 416
"../../../Engine/Content/EngineResources/DefaultVolumeTexture2D.uasset" 417
"../../../Engine/Content/EngineResources/DefaultVolumeTexture.uasset" 418
"../../../Engine/Content/EngineResources/GradientTexture0.uasset" 419
"../../../Engine/Content/EngineSounds/Master.uasset" 420
"../../../Engine/Content/Functions/Engine_MaterialFunctions01/Shading/ConvertFromDiffSpec.uasset" 421
"../../../Engine/Content/Functions/Engine_MaterialFunctions01/Shading/PowerToRoughness.uasset" 422
"../../../Engine/Content/Maps/Templates/Thumbnails/Default.uasset" 423
"../../../Engine/Content/Maps/Templates/Thumbnails/VR-Basic.uasset" 424
"../../../Engine/Content/MobileResources/T_MobileControls_texture.uasset" 425
"../../../Engine/Content/MobileResources/T_MobileMenu2.uasset" 426
"../../../Engine/Content/MobileResources/HUD/AnalogHat.uasset" 427
"../../../Engine/Content/MobileResources/HUD/VirtualJoystick_Background.uasset" 428
"../../../Engine/Content/MobileResources/HUD/VirtualJoystick_Thumb.uasset" 429
"../../../Engine/Content/MobileResources/HUD/DefaultVirtualJoysticks.uasset" 430
"../../../Engine/Content/MobileResources/HUD/LeftVirtualJoystickOnly.uasset" 431
"../../../Engine/Content/MobileResources/HUD/MobileHUDButton1_off.uasset" 432
"../../../Engine/Content/MobileResources/HUD/MobileHUDButton1_on.uasset" 433
"../../../Engine/Content/MobileResources/HUD/MobileHUDButton2_off.uasset" 434
"../../../Engine/Content/MobileResources/HUD/MobileHUDButton2_on.uasset" 435
"../../../Engine/Content/MobileResources/HUD/MobileHUDButton3.uasset" 436
"../../../Engine/Content/MobileResources/HUD/MobileHUDButtonFire.uasset" 437
"../../../Engine/Content/MobileResources/HUD/MobileHUDDirectionPad.uasset" 438
"../../../Engine/Content/MobileResources/HUD/MobileHUDDirectionPad2.uasset" 439
"../../../Engine/Content/MobileResources/HUD/MobileHUDDirectionPad3.uasset" 440
"../../../Engine/Content/MobileResources/HUD/MobileHUDDirectionStick.uasset" 441
"../../../Engine/Content/MobileResources/HUD/T_Castle_ThumbstickInner.uasset" 442
"../../../Engine/Content/MobileResources/HUD/T_Castle_ThumbstickOutter.uasset" 443
"../../../Engine/Content/Tutorial/ContentIntroCurve.uasset" 444
"../../../Engine/Content/Tutorial/Basics/LevelEditorAttract.uasset" 445
"../../../Engine/Content/Tutorial/BlueprintTutorials/TutorialAssets/Blueprint_64x.uasset" 446
"../../../Engine/Content/Tutorial/BlueprintTutorials/BlueprintEditorTutorial.uasset" 447
"../../../Engine/Content/Tutorial/SubEditors/MaterialEditorTutorial.uasset" 448
"../../../Engine/Content/Tutorial/SubEditors/TutorialAssets/TutorialMaterial.uasset" 449
"../../../Engine/Content/VREditor/LaserPointer/VR_LaserPower_01.uasset" 450
"../../../Engine/Content/VREditor/TransformGizmo/TransformGizmoMaterial.uasset" 451
"../../../Engine/Content/VREditor/TransformGizmo/TranslucentTransformGizmoMaterial.uasset" 452
"../../../Engine/Content/VREditor/TransformGizmo/BoundingBoxCorner.uasset" 453
"../../../Engine/Content/VREditor/TransformGizmo/BoundingBoxEdge.uasset" 454
"../../../Engine/Content/VREditor/TransformGizmo/PlaneTranslationHandle.uasset" 455
"../../../Engine/Content/VREditor/TransformGizmo/Main.uasset" 456
"../../../Engine/Content/VREditor/TransformGizmo/Xray.uasset" 457
"../../../Engine/Content/VREditor/TransformGizmo/SM_Sequencer_Key.uasset" 458
"../../../Engine/Content/VREditor/TransformGizmo/SM_Sequencer_Node.uasset" 459
"../../Plugins/2D/Paper2D/Content/PlaceholderTextures/DummySpriteTexture.uasset" 460
"../../Plugins/2D/Paper2D/Content/DummySprite.uasset" 461
"../../Plugins/2D/Paper2D/Content/DefaultPaperTerrainMaterial.uasset" 462
"../../Plugins/2D/Paper2D/Content/DummySpriteTexture.uasset" 463
"../../Plugins/2D/Paper2D/Content/DefaultSpriteMaterial.uasset" 464
"../../Plugins/2D/Paper2D/Content/MaskedUnlitSpriteMaterial.uasset" 465
"../../Plugins/2D/Paper2D/Content/OpaqueUnlitSpriteMaterial.uasset" 466
"../../Plugins/Runtime/Oculus/OculusVR/Content/OculusMR_RenderTarget.uasset" 467
"../../../Engine/Content/Functions/Engine_MaterialFunctions02/Utility/BreakOutFloat4Components.uasset" 468
"../../../Engine/Content/Functions/Engine_MaterialFunctions02/Utility/MakeFloat2.uasset" 469
"../../../Engine/Content/Functions/Engine_MaterialFunctions02/Utility/MakeFloat3.uasset" 470
"../../Plugins/Runtime/Oculus/OculusVR/Content/Materials/OculusMR_ChromaKey.uasset" 471
"../../Plugins/Runtime/Oculus/OculusVR/Content/Materials/OculusMR_ChromaKey_Lit.uasset" 472
"../../Plugins/Runtime/Oculus/OculusVR/Content/Materials/OculusMR_OpaqueColoredMaterial.uasset" 473
"../../Plugins/Runtime/Oculus/OculusVR/Content/Materials/OculusMR_WhiteMaterial.uasset" 474
"../../Plugins/Runtime/Oculus/OculusVR/Content/Materials/PokeAHoleMaterial.uasset" 475
"../../Plugins/Runtime/Oculus/OculusVR/Content/Textures/GearVRController_AO.uasset" 476
"../../Plugins/Runtime/Oculus/OculusVR/Content/Textures/GearVRController_Color.uasset" 477
"../../Plugins/Runtime/Oculus/OculusVR/Content/Textures/GearVRController_Normal.uasset" 478
"../../Plugins/Runtime/Oculus/OculusVR/Content/Materials/GearVRControllerMaterial.uasset" 479
"../../Plugins/Runtime/Oculus/OculusVR/Content/Meshes/GearVrController.uasset" 480
"../../Plugins/Runtime/Oculus/OculusVR/Content/Textures/touchController_albedo.uasset" 481
"../../Plugins/Runtime/Oculus/OculusVR/Content/Textures/touchController_controlmap.uasset" 482
"../../Plugins/Runtime/Oculus/OculusVR/Content/Materials/touchController_mat.uasset" 483
"../../Plugins/Runtime/Oculus/OculusVR/Content/Meshes/LeftTouchController.uasset" 484
"../../Plugins/Runtime/Oculus/OculusVR/Content/Meshes/RiftHMD.uasset" 485
"../../Plugins/Runtime/Oculus/OculusVR/Content/Meshes/RightTouchController.uasset" 486
"../../../Engine/Content/EngineSky/C_Sky_Cloud_Color.uasset" 487
"../../../Engine/Content/EngineSky/C_Sky_Horizon_Color.uasset" 488
"../../../Engine/Content/EngineSky/C_Sky_Zenith_Color.uasset" 489
"../../../Engine/Content/EngineSky/T_Sky_Blue.uasset" 490
"../../../Engine/Content/EngineSky/T_Sky_Clouds_M.uasset" 491
"../../../Engine/Content/EngineSky/T_Sky_Stars.uasset" 492
"../../../Engine/Content/EngineSky/M_Sky_Panning_Clouds2.uasset" 493
"../../../Engine/Content/EngineSky/SM_SkySphere.uasset" 494
"../../../Engine/Content/EngineSky/BP_Sky_Sphere.uasset" 495
"D:/Unreal 4 Projects/SoloProject/Content/Materials/Gray.uasset" 496
"D:/Unreal 4 Projects/SoloProject/Content/Materials/Orange.uasset" 497
"D:/Unreal 4 Projects/SoloProject/Content/CustomBlueprints/ClimbBlock.uasset" 498
"D:/Unreal 4 Projects/SoloProject/Content/CustomBlueprints/InvisClimbBlock.uasset" 499
"D:/Unreal 4 Projects/SoloProject/Content/CustomBlueprints/Secret.uasset" 500
"../../../Engine/Content/EditorLandscapeResources/DataLayer.uasset" 501
"D:/Unreal 4 Projects/SoloProject/Content/maps/LayerInfo/Dirt_LayerInfo.uasset" 502
"D:/Unreal 4 Projects/SoloProject/Content/maps/LayerInfo/Grass_LayerInfo.uasset" 503
"D:/Unreal 4 Projects/SoloProject/Content/maps/3rd_Person_RPG_Level_Design_BuiltData.uasset" 504
"D:/Unreal 4 Projects/SoloProject/Content/Materials/FloorGray.uasset" 505
"../../../Engine/Content/Functions/Engine_MaterialFunctions01/AlphaBlend/WorldAlignedBlend.uasset" 506
"D:/Unreal 4 Projects/SoloProject/Content/StarterContent/Textures/T_Ground_Gravel_D.uasset" 507
"D:/Unreal 4 Projects/SoloProject/Content/StarterContent/Textures/T_Ground_Gravel_N.uasset" 508
"D:/Unreal 4 Projects/SoloProject/Content/StarterContent/Textures/T_MacroVariation.uasset" 509
"D:/Unreal 4 Projects/SoloProject/Content/StarterContent/Textures/T_Perlin_Noise_M.uasset" 510
"D:/Unreal 4 Projects/SoloProject/Content/Materials/Dirt.uasset" 511
"D:/Unreal 4 Projects/SoloProject/Content/StarterContent/Textures/T_Ground_Grass_D.uasset" 512
"D:/Unreal 4 Projects/SoloProject/Content/StarterContent/Textures/T_Ground_Grass_N.uasset" 513
"D:/Unreal 4 Projects/SoloProject/Content/Materials/Grass.uasset" 514
"D:/Unreal 4 Projects/SoloProject/Content/StarterContent/Textures/T_Rock_Basalt_N.uasset" 515
"D:/Unreal 4 Projects/SoloProject/Content/Materials/Stone.uasset" 516
"D:/Unreal 4 Projects/SoloProject/Content/Materials/M_Landscape.uasset" 517
"D:/Unreal 4 Projects/SoloProject/Content/Materials/M_Landscape_Inst.uasset" 518
"../../../Engine/Content/EditorLandscapeResources/SplineEditorMeshMat.uasset" 519
"../../../Engine/Content/EditorLandscapeResources/SplineEditorMesh.uasset" 520
"../../../Engine/Content/EngineMaterials/DefaultPhysicalMaterial.uasset" 521
"D:/Unreal 4 Projects/SoloProject/Content/maps/3rd_Person_RPG_Level_Design.umap" 522
"D:/Unreal 4 Projects/SoloProject/Content/Vox_Bps/Interact_Widget.uasset" 523
"D:/Unreal 4 Projects/SoloProject/Content/CustomBlueprints/SignPost.uasset" 524
"D:/Unreal 4 Projects/SoloProject/Content/Geometry/Meshes/1M_Cube.uasset" 525
"D:/Unreal 4 Projects/SoloProject/Content/CustomBlueprints/DirectionSign.uasset" 526
"D:/Unreal 4 Projects/SoloProject/Content/Vox_Bps/PickUp_Widget.uasset" 527
"D:/Unreal 4 Projects/SoloProject/Content/Vox_Bps/PickUp_Actor.uasset" 528
"D:/Unreal 4 Projects/SoloProject/Content/VoxelAssets/Foliage/Materials/peer.uasset" 529
"D:/Unreal 4 Projects/SoloProject/Content/VoxelAssets/Foliage/Materials/Rock.uasset" 530
"../../../Engine/Content/BasicShapes/Cone.uasset" 531
"../../../Engine/Content/BasicShapes/Sphere.uasset" 532
"D:/Unreal 4 Projects/SoloProject/Content/VoxelAssets/Foliage/Materials/Bush.uasset" 533
"D:/Unreal 4 Projects/SoloProject/Content/VoxelAssets/Foliage/Low_poly_shrub_Fern.uasset" 534
"D:/Unreal 4 Projects/SoloProject/Content/VoxelAssets/Foliage/PlantPot.uasset" 535
"D:/Unreal 4 Projects/SoloProject/Content/VoxelAssets/Foliage/Materials/Box.uasset" 536
"D:/Unreal 4 Projects/SoloProject/Content/VoxelAssets/Foliage/Low_Poly_Ship_Decks.uasset" 537
"D:/Unreal 4 Projects/SoloProject/Content/VoxelAssets/Foliage/Low_Poly_Ship_Main_hull.uasset" 538
"D:/Unreal 4 Projects/SoloProject/Content/VoxelAssets/Foliage/Materials/Sail.uasset" 539
"D:/Unreal 4 Projects/SoloProject/Content/VoxelAssets/Foliage/Low_Poly_Ship_sails.uasset" 540
"D:/Unreal 4 Projects/SoloProject/Content/VoxelAssets/Foliage/Low_Poly_Ship_Wheel.uasset" 541
"D:/Unreal 4 Projects/SoloProject/Content/VoxelAssets/Foliage/Low_Poly_Ship_Wheel_stand.uasset" 542
"D:/Unreal 4 Projects/SoloProject/Content/VoxelAssets/Foliage/Ship.uasset" 543
"D:/Unreal 4 Projects/SoloProject/Content/VoxelAssets/Foliage/Materials/OrangeTrail.uasset" 544
"../../../Engine/Content/BasicShapes/Cylinder.uasset" 545
"D:/Unreal 4 Projects/SoloProject/Content/VoxelAssets/Foliage/Torch.uasset" 546
"D:/Unreal 4 Projects/SoloProject/Content/VoxelAssets/Foliage/boat2_oar_low.uasset" 547
"D:/Unreal 4 Projects/SoloProject/Content/VoxelAssets/Other/Padel.uasset" 548
"D:/Unreal 4 Projects/SoloProject/Content/maps/Vox_Island_Map_BuiltData.uasset" 549
"D:/Unreal 4 Projects/SoloProject/Content/VoxelAssets/Foliage/Materials/BigBush.uasset" 550
"D:/Unreal 4 Projects/SoloProject/Content/VoxelAssets/Foliage/Materials/CannonBall.uasset" 551
"D:/Unreal 4 Projects/SoloProject/Content/VoxelAssets/Foliage/Materials/LargeTree.uasset" 552
"D:/Unreal 4 Projects/SoloProject/Content/VoxelAssets/Foliage/Materials/MarulTree.uasset" 553
"D:/Unreal 4 Projects/SoloProject/Content/VoxelAssets/Foliage/Materials/PalmLeafes.uasset" 554
"D:/Unreal 4 Projects/SoloProject/Content/VoxelAssets/Foliage/Materials/Red.uasset" 555
"D:/Unreal 4 Projects/SoloProject/Content/VoxelAssets/Foliage/Materials/stone.uasset" 556
"D:/Unreal 4 Projects/SoloProject/Content/VoxelAssets/Foliage/Materials/StonePaths.uasset" 557
"D:/Unreal 4 Projects/SoloProject/Content/VoxelAssets/Foliage/Materials/Water.uasset" 558
"D:/Unreal 4 Projects/SoloProject/Content/VoxelAssets/Foliage/Materials/yellow.uasset" 559
"../../../Engine/Content/BasicShapes/Plane.uasset" 560
"D:/Unreal 4 Projects/SoloProject/Content/StarterContent/Particles/P_Smoke.uasset" 561
"D:/Unreal 4 Projects/SoloProject/Content/VoxelAssets/Other/Lava.uasset" 562
"D:/Unreal 4 Projects/SoloProject/Content/StarterContent/Shapes/LavaSphere.uasset" 563
"D:/Unreal 4 Projects/SoloProject/Content/VoxelAssets/Foliage/barrel1.uasset" 564
"D:/Unreal 4 Projects/SoloProject/Content/VoxelAssets/Foliage/BigPlantBush.uasset" 565
"D:/Unreal 4 Projects/SoloProject/Content/VoxelAssets/Foliage/defaultMat.uasset" 566
"D:/Unreal 4 Projects/SoloProject/Content/VoxelAssets/Foliage/birch_tree.uasset" 567
"D:/Unreal 4 Projects/SoloProject/Content/VoxelAssets/Foliage/lambert2.uasset" 568
"D:/Unreal 4 Projects/SoloProject/Content/VoxelAssets/Foliage/boat2_body_low.uasset" 569
"D:/Unreal 4 Projects/SoloProject/Content/VoxelAssets/Foliage/Cliffs.uasset" 570
"D:/Unreal 4 Projects/SoloProject/Content/VoxelAssets/Foliage/Crate.uasset" 571
"D:/Unreal 4 Projects/SoloProject/Content/VoxelAssets/Foliage/G_Banana_Tree.uasset" 572
"D:/Unreal 4 Projects/SoloProject/Content/VoxelAssets/Foliage/grass2.uasset" 573
"D:/Unreal 4 Projects/SoloProject/Content/VoxelAssets/Foliage/LargeRocks.uasset" 574
"D:/Unreal 4 Projects/SoloProject/Content/VoxelAssets/Foliage/largetree.uasset" 575
"D:/Unreal 4 Projects/SoloProject/Content/VoxelAssets/Foliage/Marula_Tree.uasset" 576
"D:/Unreal 4 Projects/SoloProject/Content/VoxelAssets/Foliage/palm_tree_conv.uasset" 577
"D:/Unreal 4 Projects/SoloProject/Content/VoxelAssets/Foliage/voxel_floating_rock.uasset" 578
"D:/Unreal 4 Projects/SoloProject/Content/maps/Vox_Island_Map.umap" 579
"D:/Unreal 4 Projects/SoloProject/Content/StarterContent/Blueprints/Assets/FogBrightnessLUT.uasset" 580
"D:/Unreal 4 Projects/SoloProject/Content/StarterContent/Blueprints/Assets/SunlightColorLUT.uasset" 581
"D:/Unreal 4 Projects/SoloProject/Content/StarterContent/Blueprints/Assets/M_LightStage_Arrows.uasset" 582
"../../../Engine/Content/MapTemplates/Sky/DaylightAmbientCubemap.uasset" 583
"D:/Unreal 4 Projects/SoloProject/Content/StarterContent/Blueprints/Assets/M_LightStage_Skybox_Master.uasset" 584
"D:/Unreal 4 Projects/SoloProject/Content/StarterContent/Blueprints/Assets/M_LightStage_Skybox_Black.uasset" 585
"D:/Unreal 4 Projects/SoloProject/Content/StarterContent/Blueprints/Assets/M_LightStage_Skybox_HDRI.uasset" 586
"../../../Engine/Content/EditorMaterials/Thumbnails/SkySphereMaterial.uasset" 587
"D:/Unreal 4 Projects/SoloProject/Content/StarterContent/Blueprints/Assets/Skybox.uasset" 588
"D:/Unreal 4 Projects/SoloProject/Content/StarterContent/Blueprints/Assets/SM_Arrows.uasset" 589
"D:/Unreal 4 Projects/SoloProject/Content/StarterContent/HDRI/HDRI_Epic_Courtyard_Daylight.uasset" 590
"D:/Unreal 4 Projects/SoloProject/Content/StarterContent/Blueprints/BP_LightStudio.uasset" 591
"D:/Unreal 4 Projects/SoloProject/Content/StarterContent/Maps/Advanced_Lighting_BuiltData.uasset" 592
"D:/Unreal 4 Projects/SoloProject/Content/StarterContent/Materials/M_AssetPlatform.uasset" 593
"../../../Engine/Content/EditorMeshes/ColorCalibrator/M_ChromeBall.uasset" 594
"../../../Engine/Content/EditorMeshes/ColorCalibrator/M_ClearCoat.uasset" 595
"../../../Engine/Content/EditorMeshes/ColorCalibrator/M_ClearCoatBlack.uasset" 596
"../../../Engine/Content/EditorMeshes/ColorCalibrator/Color_checker.uasset" 597
"../../../Engine/Content/EditorMeshes/ColorCalibrator/M_ColorGrid.uasset" 598
"../../../Engine/Content/EditorMeshes/ColorCalibrator/M_GreyBall.uasset" 599
"../../../Engine/Content/EditorMeshes/ColorCalibrator/SM_ColorCalibrator.uasset" 600
"D:/Unreal 4 Projects/SoloProject/Content/StarterContent/Architecture/SM_AssetPlatform.uasset" 601
"D:/Unreal 4 Projects/SoloProject/Content/StarterContent/Maps/Advanced_Lighting.umap" 602
"D:/Unreal 4 Projects/SoloProject/Content/StarterContent/Maps/Minimal_Default_BuiltData.uasset" 603
"D:/Unreal 4 Projects/SoloProject/Content/StarterContent/Materials/M_Metal_Brushed_Nickel.uasset" 604
"D:/Unreal 4 Projects/SoloProject/Content/StarterContent/Textures/T_Metal_Aluminum_D.uasset" 605
"D:/Unreal 4 Projects/SoloProject/Content/StarterContent/Textures/T_Metal_Gold_N.uasset" 606
"D:/Unreal 4 Projects/SoloProject/Content/StarterContent/Materials/M_Metal_Burnished_Steel.uasset" 607
"D:/Unreal 4 Projects/SoloProject/Content/StarterContent/Textures/T_Metal_Copper_D.uasset" 608
"D:/Unreal 4 Projects/SoloProject/Content/StarterContent/Materials/M_Metal_Copper.uasset" 609
"D:/Unreal 4 Projects/SoloProject/Content/StarterContent/Textures/T_Statue_M.uasset" 610
"D:/Unreal 4 Projects/SoloProject/Content/StarterContent/Textures/T_Statue_N.uasset" 611
"D:/Unreal 4 Projects/SoloProject/Content/StarterContent/Props/Materials/M_StatueGlass.uasset" 612
"D:/Unreal 4 Projects/SoloProject/Content/StarterContent/Architecture/Floor_400x400.uasset" 613
"D:/Unreal 4 Projects/SoloProject/Content/StarterContent/Audio/Starter_Background_Cue.uasset" 614
"D:/Unreal 4 Projects/SoloProject/Content/StarterContent/Props/SM_Chair.uasset" 615
"D:/Unreal 4 Projects/SoloProject/Content/StarterContent/Props/Materials/M_Statue.uasset" 616
"D:/Unreal 4 Projects/SoloProject/Content/StarterContent/Props/SM_Statue.uasset" 617
"D:/Unreal 4 Projects/SoloProject/Content/StarterContent/Textures/T_TableRound_M.uasset" 618
"D:/Unreal 4 Projects/SoloProject/Content/StarterContent/Textures/T_TableRound_N.uasset" 619
"D:/Unreal 4 Projects/SoloProject/Content/StarterContent/Props/Materials/M_TableRound.uasset" 620
"D:/Unreal 4 Projects/SoloProject/Content/StarterContent/Props/SM_TableRound.uasset" 621
"D:/Unreal 4 Projects/SoloProject/Content/StarterContent/Maps/Minimal_Default.umap" 622
"D:/Unreal 4 Projects/SoloProject/Content/StarterContent/Audio/Fire01_Cue.uasset" 623
"D:/Unreal 4 Projects/SoloProject/Content/StarterContent/Textures/T_Fire_SubUV.uasset" 624
"D:/Unreal 4 Projects/SoloProject/Content/StarterContent/Textures/T_Fire_Tiled_D.uasset" 625
"D:/Unreal 4 Projects/SoloProject/Content/StarterContent/Particles/Materials/M_Fire_SubUV.uasset" 626
"D:/Unreal 4 Projects/SoloProject/Content/StarterContent/Textures/T_Water_N.uasset" 627
"D:/Unreal 4 Projects/SoloProject/Content/StarterContent/Particles/Materials/M_Heat_Distortion.uasset" 628
"D:/Unreal 4 Projects/SoloProject/Content/StarterContent/Particles/Materials/M_Radial_Gradient.uasset" 629
"D:/Unreal 4 Projects/SoloProject/Content/StarterContent/Particles/P_Fire.uasset" 630
"D:/Unreal 4 Projects/SoloProject/Content/StarterContent/Blueprints/Blueprint_Effect_Fire.uasset" 631
"D:/Unreal 4 Projects/SoloProject/Content/StarterContent/Audio/Smoke01_Cue.uasset" 632
"D:/Unreal 4 Projects/SoloProject/Content/StarterContent/Blueprints/Blueprint_Effect_Smoke.uasset" 633
"D:/Unreal 4 Projects/SoloProject/Content/StarterContent/Audio/Fire_Sparks01_Cue.uasset" 634
"D:/Unreal 4 Projects/SoloProject/Content/StarterContent/Textures/T_Spark_Core.uasset" 635
"D:/Unreal 4 Projects/SoloProject/Content/StarterContent/Particles/Materials/M_Spark.uasset" 636
"D:/Unreal 4 Projects/SoloProject/Content/StarterContent/Particles/P_Sparks.uasset" 637
"D:/Unreal 4 Projects/SoloProject/Content/StarterContent/Blueprints/Blueprint_Effect_Sparks.uasset" 638
"D:/Unreal 4 Projects/SoloProject/Content/StarterContent/Audio/Steam01_Cue.uasset" 639
"D:/Unreal 4 Projects/SoloProject/Content/StarterContent/Particles/P_Steam_Lit.uasset" 640
"D:/Unreal 4 Projects/SoloProject/Content/StarterContent/Blueprints/Blueprint_Effect_Steam.uasset" 641
"D:/Unreal 4 Projects/SoloProject/Content/StarterContent/Textures/T_Lamp_M.uasset" 642
"D:/Unreal 4 Projects/SoloProject/Content/StarterContent/Textures/T_Lamp_N.uasset" 643
"D:/Unreal 4 Projects/SoloProject/Content/StarterContent/Props/Materials/M_Lamp.uasset" 644
"D:/Unreal 4 Projects/SoloProject/Content/StarterContent/Props/SM_Lamp_Ceiling.uasset" 645
"D:/Unreal 4 Projects/SoloProject/Content/StarterContent/Blueprints/Blueprint_CeilingLight.uasset" 646
"D:/Unreal 4 Projects/SoloProject/Content/StarterContent/Props/SM_Lamp_Wall.uasset" 647
"D:/Unreal 4 Projects/SoloProject/Content/StarterContent/Blueprints/Blueprint_WallSconce.uasset" 648
"D:/Unreal 4 Projects/SoloProject/Content/StarterContent/Maps/StarterMap_BuiltData.uasset" 649
"../../../Engine/Content/Functions/Engine_MaterialFunctions03/Procedurals/ComputeFilterWidth.uasset" 650
"../../../Engine/Content/EngineMaterials/AntiAliasedTextMaterialTranslucent.uasset" 651
"D:/Unreal 4 Projects/SoloProject/Content/StarterContent/Textures/T_Brick_Clay_Beveled_D.uasset" 652
"D:/Unreal 4 Projects/SoloProject/Content/StarterContent/Textures/T_Brick_Clay_Beveled_M.uasset" 653
"D:/Unreal 4 Projects/SoloProject/Content/StarterContent/Textures/T_Brick_Clay_Beveled_N.uasset" 654
"D:/Unreal 4 Projects/SoloProject/Content/StarterContent/Materials/M_Brick_Clay_Beveled.uasset" 655
"D:/Unreal 4 Projects/SoloProject/Content/StarterContent/Textures/T_Brick_Clay_New_D.uasset" 656
"D:/Unreal 4 Projects/SoloProject/Content/StarterContent/Textures/T_Brick_Clay_New_M.uasset" 657
"D:/Unreal 4 Projects/SoloProject/Content/StarterContent/Textures/T_Brick_Clay_New_N.uasset" 658
"D:/Unreal 4 Projects/SoloProject/Content/StarterContent/Materials/M_Brick_Clay_New.uasset" 659
"D:/Unreal 4 Projects/SoloProject/Content/StarterContent/Textures/T_Brick_Clay_Old_D.uasset" 660
"D:/Unreal 4 Projects/SoloProject/Content/StarterContent/Textures/T_Brick_Clay_Old_N.uasset" 661
"D:/Unreal 4 Projects/SoloProject/Content/StarterContent/Materials/M_Brick_Clay_Old.uasset" 662
"D:/Unreal 4 Projects/SoloProject/Content/StarterContent/Textures/T_Brick_Cut_Stone_D.uasset" 663
"D:/Unreal 4 Projects/SoloProject/Content/StarterContent/Textures/T_Brick_Cut_Stone_N.uasset" 664
"D:/Unreal 4 Projects/SoloProject/Content/StarterContent/Materials/M_Brick_Cut_Stone.uasset" 665
"D:/Unreal 4 Projects/SoloProject/Content/StarterContent/Textures/T_Brick_Hewn_Stone_D.uasset" 666
"D:/Unreal 4 Projects/SoloProject/Content/StarterContent/Textures/T_Brick_Hewn_Stone_M.uasset" 667
"D:/Unreal 4 Projects/SoloProject/Content/StarterContent/Textures/T_Brick_Hewn_Stone_N.uasset" 668
"D:/Unreal 4 Projects/SoloProject/Content/StarterContent/Materials/M_Brick_Hewn_Stone.uasset" 669
"D:/Unreal 4 Projects/SoloProject/Content/StarterContent/Textures/T_Ceramic_Tile_M.uasset" 670
"D:/Unreal 4 Projects/SoloProject/Content/StarterContent/Textures/T_Ceramic_Tile_N.uasset" 671
"D:/Unreal 4 Projects/SoloProject/Content/StarterContent/Textures/T_Rock_Marble_Polished_D.uasset" 672
"D:/Unreal 4 Projects/SoloProject/Content/StarterContent/Materials/M_Ceramic_Tile_Checker.uasset" 673
"D:/Unreal 4 Projects/SoloProject/Content/StarterContent/Textures/T_CobbleStone_Pebble_D.uasset" 674
"D:/Unreal 4 Projects/SoloProject/Content/StarterContent/Textures/T_CobbleStone_Pebble_M.uasset" 675
"D:/Unreal 4 Projects/SoloProject/Content/StarterContent/Textures/T_CobbleStone_Pebble_N.uasset" 676
"D:/Unreal 4 Projects/SoloProject/Content/StarterContent/Materials/M_CobbleStone_Pebble.uasset" 677
"D:/Unreal 4 Projects/SoloProject/Content/StarterContent/Textures/T_CobbleStone_Rough_D.uasset" 678
"D:/Unreal 4 Projects/SoloProject/Content/StarterContent/Textures/T_CobbleStone_Rough_N.uasset" 679
"D:/Unreal 4 Projects/SoloProject/Content/StarterContent/Textures/T_Gradinet_01.uasset" 680
"D:/Unreal 4 Projects/SoloProject/Content/StarterContent/Textures/T_Rock_Smooth_Granite_D.uasset" 681
"D:/Unreal 4 Projects/SoloProject/Content/StarterContent/Materials/M_CobbleStone_Rough.uasset" 682
"D:/Unreal 4 Projects/SoloProject/Content/StarterContent/Textures/T_CobbleStone_Smooth_D.uasset" 683
"D:/Unreal 4 Projects/SoloProject/Content/StarterContent/Textures/T_CobbleStone_Smooth_M.uasset" 684
"D:/Unreal 4 Projects/SoloProject/Content/StarterContent/Textures/T_CobbleStone_Smooth_N.uasset" 685
"D:/Unreal 4 Projects/SoloProject/Content/StarterContent/Materials/M_CobbleStone_Smooth.uasset" 686
"D:/Unreal 4 Projects/SoloProject/Content/StarterContent/Textures/T_Concrete_Grime_D.uasset" 687
"D:/Unreal 4 Projects/SoloProject/Content/StarterContent/Textures/T_Metal_Rust_N.uasset" 688
"D:/Unreal 4 Projects/SoloProject/Content/StarterContent/Materials/M_Concrete_Grime.uasset" 689
"D:/Unreal 4 Projects/SoloProject/Content/StarterContent/Textures/T_Concrete_Panels_D.uasset" 690
"D:/Unreal 4 Projects/SoloProject/Content/StarterContent/Textures/T_Concrete_Panels_N.uasset" 691
"D:/Unreal 4 Projects/SoloProject/Content/StarterContent/Materials/M_Concrete_Panels.uasset" 692
"D:/Unreal 4 Projects/SoloProject/Content/StarterContent/Textures/T_Concrete_Poured_D.uasset" 693
"D:/Unreal 4 Projects/SoloProject/Content/StarterContent/Textures/T_Concrete_Poured_N.uasset" 694
"D:/Unreal 4 Projects/SoloProject/Content/StarterContent/Materials/M_Concrete_Poured.uasset" 695
"D:/Unreal 4 Projects/SoloProject/Content/StarterContent/Textures/T_Concrete_Tiles_D.uasset" 696
"D:/Unreal 4 Projects/SoloProject/Content/StarterContent/Textures/T_Concrete_Tiles_M.uasset" 697
"D:/Unreal 4 Projects/SoloProject/Content/StarterContent/Textures/T_Concrete_Tiles_N.uasset" 698
"D:/Unreal 4 Projects/SoloProject/Content/StarterContent/Textures/T_Concrete_Tiles_Variation_M.uasset" 699
"D:/Unreal 4 Projects/SoloProject/Content/StarterContent/Materials/M_Concrete_Tiles.uasset" 700
"D:/Unreal 4 Projects/SoloProject/Content/StarterContent/Materials/M_Ground_Grass.uasset" 701
"D:/Unreal 4 Projects/SoloProject/Content/StarterContent/Materials/M_Ground_Gravel.uasset" 702
"D:/Unreal 4 Projects/SoloProject/Content/StarterContent/Textures/T_ground_Moss_D.uasset" 703
"D:/Unreal 4 Projects/SoloProject/Content/StarterContent/Textures/T_Ground_Moss_N.uasset" 704
"D:/Unreal 4 Projects/SoloProject/Content/StarterContent/Materials/M_Ground_Moss.uasset" 705
"D:/Unreal 4 Projects/SoloProject/Content/StarterContent/Materials/M_Metal_Chrome.uasset" 706
"D:/Unreal 4 Projects/SoloProject/Content/StarterContent/Textures/T_Metal_Gold_D.uasset" 707
"D:/Unreal 4 Projects/SoloProject/Content/StarterContent/Materials/M_Metal_Gold.uasset" 708
"D:/Unreal 4 Projects/SoloProject/Content/StarterContent/Textures/T_Metal_Rust_D.uasset" 709
"D:/Unreal 4 Projects/SoloProject/Content/StarterContent/Materials/M_Metal_Rust.uasset" 710
"D:/Unreal 4 Projects/SoloProject/Content/StarterContent/Textures/T_Metal_Steel_D.uasset" 711
"D:/Unreal 4 Projects/SoloProject/Content/StarterContent/Textures/T_Metal_Steel_N.uasset" 712
"D:/Unreal 4 Projects/SoloProject/Content/StarterContent/Materials/M_Metal_Steel.uasset" 713
"D:/Unreal 4 Projects/SoloProject/Content/StarterContent/Materials/M_Rock_Basalt.uasset" 714
"D:/Unreal 4 Projects/SoloProject/Content/StarterContent/Materials/M_Rock_Marble_Polished.uasset" 715
"D:/Unreal 4 Projects/SoloProject/Content/StarterContent/Textures/T_Rock_Sandstone_D.uasset" 716
"D:/Unreal 4 Projects/SoloProject/Content/StarterContent/Textures/T_Rock_Sandstone_N.uasset" 717
"D:/Unreal 4 Projects/SoloProject/Content/StarterContent/Materials/M_Rock_Sandstone.uasset" 718
"D:/Unreal 4 Projects/SoloProject/Content/StarterContent/Textures/T_Rock_Slate_D.uasset" 719
"D:/Unreal 4 Projects/SoloProject/Content/StarterContent/Textures/T_Rock_Slate_N.uasset" 720
"D:/Unreal 4 Projects/SoloProject/Content/StarterContent/Materials/M_Rock_Slate.uasset" 721
"D:/Unreal 4 Projects/SoloProject/Content/StarterContent/Textures/T_Checker_Noise_M.uasset" 722
"D:/Unreal 4 Projects/SoloProject/Content/StarterContent/Textures/T_Single_Tile_N.uasset" 723
"D:/Unreal 4 Projects/SoloProject/Content/StarterContent/Textures/T_Tech_Dot_M.uasset" 724
"D:/Unreal 4 Projects/SoloProject/Content/StarterContent/Textures/T_Tech_Dot_N.uasset" 725
"D:/Unreal 4 Projects/SoloProject/Content/StarterContent/Materials/M_Tech_Checker_Dot.uasset" 726
"D:/Unreal 4 Projects/SoloProject/Content/StarterContent/Textures/T_Tech_Hex_Tile_M.uasset" 727
"D:/Unreal 4 Projects/SoloProject/Content/StarterContent/Textures/T_Tech_Hex_Tile_N.uasset" 728
"D:/Unreal 4 Projects/SoloProject/Content/StarterContent/Materials/M_Tech_Hex_Tile.uasset" 729
"D:/Unreal 4 Projects/SoloProject/Content/StarterContent/Materials/M_Tech_Hex_Tile_Pulse.uasset" 730
"D:/Unreal 4 Projects/SoloProject/Content/StarterContent/Textures/T_Tech_Panel_M.uasset" 731
"D:/Unreal 4 Projects/SoloProject/Content/StarterContent/Textures/T_Tech_Panel_N.uasset" 732
"D:/Unreal 4 Projects/SoloProject/Content/StarterContent/Materials/M_Tech_Panel.uasset" 733
"D:/Unreal 4 Projects/SoloProject/Content/StarterContent/Materials/M_Water_Lake.uasset" 734
"D:/Unreal 4 Projects/SoloProject/Content/StarterContent/Textures/T_Water_M.uasset" 735
"D:/Unreal 4 Projects/SoloProject/Content/StarterContent/Materials/M_Water_Ocean.uasset" 736
"D:/Unreal 4 Projects/SoloProject/Content/StarterContent/Textures/T_Wood_Floor_Walnut_D.uasset" 737
"D:/Unreal 4 Projects/SoloProject/Content/StarterContent/Textures/T_Wood_Floor_Walnut_M.uasset" 738
"D:/Unreal 4 Projects/SoloProject/Content/StarterContent/Textures/T_Wood_Floor_Walnut_N.uasset" 739
"D:/Unreal 4 Projects/SoloProject/Content/StarterContent/Materials/M_Wood_Floor_Walnut_Polished.uasset" 740
"../../../Engine/Content/Functions/Engine_MaterialFunctions01/Opacity/AlphaOffset.uasset" 741
"D:/Unreal 4 Projects/SoloProject/Content/StarterContent/Materials/M_Wood_Floor_Walnut_Worn.uasset" 742
"D:/Unreal 4 Projects/SoloProject/Content/StarterContent/Textures/T_Wood_Oak_D.uasset" 743
"D:/Unreal 4 Projects/SoloProject/Content/StarterContent/Textures/T_Wood_Oak_N.uasset" 744
"D:/Unreal 4 Projects/SoloProject/Content/StarterContent/Materials/M_Wood_Oak.uasset" 745
"D:/Unreal 4 Projects/SoloProject/Content/StarterContent/Textures/T_Wood_Pine_D.uasset" 746
"D:/Unreal 4 Projects/SoloProject/Content/StarterContent/Textures/T_Wood_Pine_N.uasset" 747
"D:/Unreal 4 Projects/SoloProject/Content/StarterContent/Materials/M_Wood_Pine.uasset" 748
"D:/Unreal 4 Projects/SoloProject/Content/StarterContent/Textures/T_Wood_Walnut_D.uasset" 749
"D:/Unreal 4 Projects/SoloProject/Content/StarterContent/Textures/T_Wood_Walnut_N.uasset" 750
"D:/Unreal 4 Projects/SoloProject/Content/StarterContent/Materials/M_Wood_Walnut.uasset" 751
"D:/Unreal 4 Projects/SoloProject/Content/StarterContent/Architecture/Wall_400x200.uasset" 752
"D:/Unreal 4 Projects/SoloProject/Content/StarterContent/Architecture/Wall_Door_400x300.uasset" 753
"D:/Unreal 4 Projects/SoloProject/Content/StarterContent/Architecture/Wall_Window_400x300.uasset" 754
"D:/Unreal 4 Projects/SoloProject/Content/StarterContent/Audio/Collapse_Cue.uasset" 755
"D:/Unreal 4 Projects/SoloProject/Content/StarterContent/Audio/Starter_Music_Cue.uasset" 756
"D:/Unreal 4 Projects/SoloProject/Content/StarterContent/Textures/T_Dust_Particle_D.uasset" 757
"D:/Unreal 4 Projects/SoloProject/Content/StarterContent/Particles/Materials/M_Dust_Particle.uasset" 758
"D:/Unreal 4 Projects/SoloProject/Content/StarterContent/Particles/P_Ambient_Dust.uasset" 759
"D:/Unreal 4 Projects/SoloProject/Content/StarterContent/Props/MaterialSphere.uasset" 760
"D:/Unreal 4 Projects/SoloProject/Content/StarterContent/Textures/T_Frame_M.uasset" 761
"D:/Unreal 4 Projects/SoloProject/Content/StarterContent/Textures/T_Frame_N.uasset" 762
"D:/Unreal 4 Projects/SoloProject/Content/StarterContent/Props/Materials/M_Frame.uasset" 763
"D:/Unreal 4 Projects/SoloProject/Content/StarterContent/Props/SM_CornerFrame.uasset" 764
"D:/Unreal 4 Projects/SoloProject/Content/StarterContent/Props/SM_DoorFrame.uasset" 765
"D:/Unreal 4 Projects/SoloProject/Content/StarterContent/Props/SM_GlassWindow.uasset" 766
"D:/Unreal 4 Projects/SoloProject/Content/StarterContent/Props/SM_PillarFrame.uasset" 767
"D:/Unreal 4 Projects/SoloProject/Content/StarterContent/Props/SM_PillarFrame300.uasset" 768
"D:/Unreal 4 Projects/SoloProject/Content/StarterContent/Props/SM_WindowFrame.uasset" 769
"D:/Unreal 4 Projects/SoloProject/Content/StarterContent/Shapes/Shape_Cube.uasset" 770
"D:/Unreal 4 Projects/SoloProject/Content/StarterContent/Shapes/Shape_QuadPyramid.uasset" 771
"D:/Unreal 4 Projects/SoloProject/Content/StarterContent/Shapes/Shape_Sphere.uasset" 772
"D:/Unreal 4 Projects/SoloProject/Content/StarterContent/Maps/StarterMap.umap" 773
"D:/Unreal 4 Projects/SoloProject/Content/VoxelAssets/Other/Hammer_Weapon.uasset" 774
"D:/Unreal 4 Projects/SoloProject/Content/ThirdPersonBP/Maps/ThirdPersonExampleMap_BuiltData.uasset" 775
"D:/Unreal 4 Projects/SoloProject/Content/Geometry/Meshes/TemplateFloor.uasset" 776
"D:/Unreal 4 Projects/SoloProject/Content/ThirdPerson/Meshes/LeftArm_StaticMesh.uasset" 777
"D:/Unreal 4 Projects/SoloProject/Content/ThirdPersonBP/Maps/ThirdPersonExampleMap.umap" 778
"../../../Engine/Content/Maps/Entry_BuiltData.uasset" 779
"../../../Engine/Content/Maps/Entry.umap" 780
